2025-06-10 14:45:48,250 - __main__ - INFO - 🎯 DÉMONSTRATION SYSTÈME AUTHENTIQUE SHERLOCK-WATSON
2025-06-10 14:45:48,251 - __main__ - INFO - 🚀 SYSTÈME AUTHENTIQUE SHERLOCK-WATSON (CONTOURNEMENT JAVA)
2025-06-10 14:45:50,278 - __main__ - INFO - ✅ Semantic Kernel importé - Version authentique
2025-06-10 14:45:50,278 - __main__ - INFO - 🔧 Fallbacks Java activés
2025-06-10 14:45:50,278 - argumentation_analysis - INFO - Package 'argumentation_analysis' chargé.
2025-06-10 14:45:50,289 - App.ProjectCore.FileLoaders - INFO - Utilitaires de chargement de fichiers (FileLoaders) définis.
2025-06-10 14:45:50,290 - App.ProjectCore.FileSavers - INFO - Utilitaires de sauvegarde de fichiers (FileSavers) définis.
2025-06-10 14:45:50,318 - App.ProjectCore.MarkdownUtils - INFO - Utilitaires Markdown (MarkdownUtils) définis.
2025-06-10 14:45:50,319 - App.ProjectCore.PathOperations - INFO - Utilitaires d'opérations sur les chemins (PathOperations) définis.
2025-06-10 14:45:50,319 - argumentation_analysis.utils.core_utils.file_utils - INFO - Module principal des utilitaires de fichiers (file_utils.py) initialisé et sous-modules importés.
2025-06-10 14:45:50,321 - App.UI.Config - INFO - Utilisation de la phrase secrète fixe pour la dérivation de la clé.
2025-06-10 14:45:50,321 - App.UI.Config - INFO - [OK] Phrase secrète définie sur "Propaganda". Dérivation de la clé...
2025-06-10 14:45:50,553 - App.UI.Config - INFO - [OK] Clé de chiffrement dérivée et encodée.
2025-06-10 14:45:50,553 - App.UI.Config - INFO - TIKA_SERVER_ENDPOINT depuis .env (nettoyé): 'https://tika.open-webui.myia.io/'
2025-06-10 14:45:50,553 - App.UI.Config - INFO - URL du serveur Tika: https://tika.open-webui.myia.io/tika
2025-06-10 14:45:50,554 - App.UI.Config - INFO - Cache répertoire assuré : D:\Dev\2025-Epita-Intelligence-Symbolique\_temp\text_cache
2025-06-10 14:45:50,554 - App.UI.Config - INFO - Répertoire config UI assuré : D:\Dev\2025-Epita-Intelligence-Symbolique\argumentation_analysis\data
2025-06-10 14:45:50,554 - App.UI.Config - INFO - Répertoire temporaire assuré : D:\Dev\2025-Epita-Intelligence-Symbolique\_temp\temp_downloads
2025-06-10 14:45:50,559 - App.UI.Config - INFO - Config UI initialisée. EXTRACT_SOURCES est sur DEFAULT_EXTRACT_SOURCES. Le chargement dynamique est délégué.
2025-06-10 14:45:50,559 - App.UI.Config - INFO - Module config.py initialisé. 1 sources par défaut disponibles dans EXTRACT_SOURCES.
2025-06-10 14:45:50,559 - App.UI.Config - INFO - PROJECT_ROOT exporté: d:\Dev\2025-Epita-Intelligence-Symbolique
2025-06-10 14:45:50,562 - App.UI.CacheUtils - INFO - Utilitaires de cache UI définis.
2025-06-10 14:45:50,834 - App.UI.FetchUtils - INFO - Utilitaires de fetch UI définis.
2025-06-10 14:45:50,834 - App.UI.VerificationUtils - INFO - Utilitaires de vérification UI définis.
2025-06-10 14:45:50,834 - App.UI.Utils - INFO - Module principal des utilitaires UI (utils.py) initialisé et sous-modules importés.
2025-06-10 14:45:50,846 - Services.CacheService - INFO - Répertoire de cache initialisé: d:\Dev\2025-Epita-Intelligence-Symbolique\_temp\text_cache
2025-06-10 14:45:50,846 - Services.FetchService - INFO - FetchService initialisé avec Tika URL: https://tika.open-webui.myia.io/tika, timeout: 30s
2025-06-10 14:45:50,846 - Services.CryptoService - WARNING - Service de chiffrement initialisé sans clé. Le chiffrement est désactivé.
2025-06-10 14:45:50,848 - argumentation_analysis.utils.semantic_kernel_compatibility - INFO - Module de compatibilité semantic_kernel agents chargé
2025-06-10 14:45:50,848 - argumentation_analysis.utils.semantic_kernel_compatibility - INFO - Module de compatibilité semantic_kernel filters chargé
2025-06-10 14:45:50,848 - argumentation_analysis.utils.semantic_kernel_compatibility - INFO - Version: semantic_kernel 1.29.0 (compatibilité agents via adaptateur)
2025-06-10 14:45:51,181 - InformalDefinitions - INFO - Classe InformalAnalysisPlugin (V12 avec nouvelles fonctions) définie.
2025-06-10 14:45:51,181 - InformalDefinitions - INFO - Instructions Système INFORMAL_AGENT_INSTRUCTIONS (V15 avec nouvelles fonctions) définies.
