2025-06-08 15:45:00,310 - argumentation_analysis - INFO - Package 'argumentation_analysis' chargé.
2025-06-08 15:45:00,336 - root - WARNING - Certaines classes/fonctions de 'agents.core.extract' n'ont pas pu être exposées: cannot import name 'BaseLogicAgent' from partially initialized module 'argumentation_analysis.agents.core.abc.agent_bases' (most likely due to a circular import) (d:\2025-Epita-Intelligence-Symbolique\argumentation_analysis\agents\core\abc\agent_bases.py)
2025-06-08 15:45:00,836 - App.ProjectCore.FileLoaders - INFO - Utilitaires de chargement de fichiers (FileLoaders) définis.
2025-06-08 15:45:00,838 - InformalDefinitions - INFO - Classe InformalAnalysisPlugin (V12 avec nouvelles fonctions) définie.
2025-06-08 15:45:00,838 - InformalDefinitions - INFO - Instructions Système INFORMAL_AGENT_INSTRUCTIONS (V15 avec nouvelles fonctions) définies.
2025-06-08 15:45:52,844 - argumentation_analysis - INFO - Package 'argumentation_analysis' chargé.
2025-06-08 15:45:52,848 - root - WARNING - Certaines classes/fonctions de 'agents.core.extract' n'ont pas pu être exposées: cannot import name 'BaseLogicAgent' from partially initialized module 'argumentation_analysis.agents.core.abc.agent_bases' (most likely due to a circular import) (d:\2025-Epita-Intelligence-Symbolique\argumentation_analysis\agents\core\abc\agent_bases.py)
2025-06-08 15:45:53,328 - App.ProjectCore.FileLoaders - INFO - Utilitaires de chargement de fichiers (FileLoaders) définis.
2025-06-08 15:45:53,329 - InformalDefinitions - INFO - Classe InformalAnalysisPlugin (V12 avec nouvelles fonctions) définie.
2025-06-08 15:45:53,329 - InformalDefinitions - INFO - Instructions Système INFORMAL_AGENT_INSTRUCTIONS (V15 avec nouvelles fonctions) définies.
2025-06-08 15:46:38,175 - argumentation_analysis - INFO - Package 'argumentation_analysis' chargé.
2025-06-08 15:46:38,178 - root - WARNING - Certaines classes/fonctions de 'agents.core.extract' n'ont pas pu être exposées: cannot import name 'BaseLogicAgent' from partially initialized module 'argumentation_analysis.agents.core.abc.agent_bases' (most likely due to a circular import) (d:\2025-Epita-Intelligence-Symbolique\argumentation_analysis\agents\core\abc\agent_bases.py)
2025-06-08 15:46:38,721 - App.ProjectCore.FileLoaders - INFO - Utilitaires de chargement de fichiers (FileLoaders) définis.
2025-06-08 15:46:38,723 - InformalDefinitions - INFO - Classe InformalAnalysisPlugin (V12 avec nouvelles fonctions) définie.
2025-06-08 15:46:38,723 - InformalDefinitions - INFO - Instructions Système INFORMAL_AGENT_INSTRUCTIONS (V15 avec nouvelles fonctions) définies.
2025-06-08 15:51:23,106 - argumentation_analysis - INFO - Package 'argumentation_analysis' chargé.
2025-06-08 15:51:23,110 - root - WARNING - Certaines classes/fonctions de 'agents.core.extract' n'ont pas pu être exposées: cannot import name 'BaseLogicAgent' from partially initialized module 'argumentation_analysis.agents.core.abc.agent_bases' (most likely due to a circular import) (D:\2025-Epita-Intelligence-Symbolique\argumentation_analysis\agents\core\abc\agent_bases.py)
2025-06-08 15:51:23,533 - App.ProjectCore.FileLoaders - INFO - Utilitaires de chargement de fichiers (FileLoaders) définis.
2025-06-08 15:51:23,534 - InformalDefinitions - INFO - Classe InformalAnalysisPlugin (V12 avec nouvelles fonctions) définie.
2025-06-08 15:51:23,534 - InformalDefinitions - INFO - Instructions Système INFORMAL_AGENT_INSTRUCTIONS (V15 avec nouvelles fonctions) définies.
2025-06-08 15:51:51,401 - argumentation_analysis - INFO - Package 'argumentation_analysis' chargé.
2025-06-08 15:51:51,405 - root - WARNING - Certaines classes/fonctions de 'agents.core.extract' n'ont pas pu être exposées: cannot import name 'BaseLogicAgent' from partially initialized module 'argumentation_analysis.agents.core.abc.agent_bases' (most likely due to a circular import) (D:\2025-Epita-Intelligence-Symbolique\argumentation_analysis\agents\core\abc\agent_bases.py)
2025-06-08 15:51:51,835 - App.ProjectCore.FileLoaders - INFO - Utilitaires de chargement de fichiers (FileLoaders) définis.
2025-06-08 15:51:51,836 - InformalDefinitions - INFO - Classe InformalAnalysisPlugin (V12 avec nouvelles fonctions) définie.
2025-06-08 15:51:51,836 - InformalDefinitions - INFO - Instructions Système INFORMAL_AGENT_INSTRUCTIONS (V15 avec nouvelles fonctions) définies.
2025-06-08 15:52:24,646 - argumentation_analysis - INFO - Package 'argumentation_analysis' chargé.
2025-06-08 15:52:24,649 - root - WARNING - Certaines classes/fonctions de 'agents.core.extract' n'ont pas pu être exposées: cannot import name 'BaseLogicAgent' from partially initialized module 'argumentation_analysis.agents.core.abc.agent_bases' (most likely due to a circular import) (D:\2025-Epita-Intelligence-Symbolique\argumentation_analysis\agents\core\abc\agent_bases.py)
2025-06-08 15:52:25,069 - App.ProjectCore.FileLoaders - INFO - Utilitaires de chargement de fichiers (FileLoaders) définis.
2025-06-08 15:52:25,070 - InformalDefinitions - INFO - Classe InformalAnalysisPlugin (V12 avec nouvelles fonctions) définie.
2025-06-08 15:52:25,070 - InformalDefinitions - INFO - Instructions Système INFORMAL_AGENT_INSTRUCTIONS (V15 avec nouvelles fonctions) définies.
2025-06-08 15:52:53,215 - argumentation_analysis - INFO - Package 'argumentation_analysis' chargé.
2025-06-08 15:52:53,218 - root - WARNING - Certaines classes/fonctions de 'agents.core.extract' n'ont pas pu être exposées: cannot import name 'BaseLogicAgent' from partially initialized module 'argumentation_analysis.agents.core.abc.agent_bases' (most likely due to a circular import) (D:\2025-Epita-Intelligence-Symbolique\argumentation_analysis\agents\core\abc\agent_bases.py)
2025-06-08 15:52:53,645 - App.ProjectCore.FileLoaders - INFO - Utilitaires de chargement de fichiers (FileLoaders) définis.
2025-06-08 15:52:53,646 - InformalDefinitions - INFO - Classe InformalAnalysisPlugin (V12 avec nouvelles fonctions) définie.
2025-06-08 15:52:53,646 - InformalDefinitions - INFO - Instructions Système INFORMAL_AGENT_INSTRUCTIONS (V15 avec nouvelles fonctions) définies.
