2025-06-11 10:26:07,995 - argumentation_analysis - INFO - Package 'argumentation_analysis' chargé.
2025-06-11 10:26:08,016 - App.ProjectCore.FileLoaders - INFO - Utilitaires de chargement de fichiers (FileLoaders) définis.
2025-06-11 10:26:08,018 - App.ProjectCore.FileSavers - INFO - Utilitaires de sauvegarde de fichiers (FileSavers) définis.
2025-06-11 10:26:08,040 - App.ProjectCore.MarkdownUtils - INFO - Utilitaires Markdown (MarkdownUtils) définis.
2025-06-11 10:26:08,042 - App.ProjectCore.PathOperations - INFO - Utilitaires d'opérations sur les chemins (PathOperations) définis.
2025-06-11 10:26:08,042 - argumentation_analysis.utils.core_utils.file_utils - INFO - Module principal des utilitaires de fichiers (file_utils.py) initialisé et sous-modules importés.
2025-06-11 10:26:08,044 - App.UI.Config - INFO - Utilisation de la phrase secrète fixe pour la dérivation de la clé.
2025-06-11 10:26:08,044 - App.UI.Config - INFO - [OK] Phrase secrète définie sur "Propaganda". Dérivation de la clé...
2025-06-11 10:26:08,155 - App.UI.Config - INFO - [OK] Clé de chiffrement dérivée et encodée.
2025-06-11 10:26:08,155 - App.UI.Config - INFO - TIKA_SERVER_ENDPOINT depuis .env (nettoyé): 'https://tika.open-webui.myia.io/'
2025-06-11 10:26:08,155 - App.UI.Config - INFO - URL du serveur Tika: https://tika.open-webui.myia.io/tika
2025-06-11 10:26:08,156 - App.UI.Config - INFO - Cache répertoire assuré : C:\dev\2025-Epita-Intelligence-Symbolique\_temp\text_cache
2025-06-11 10:26:08,156 - App.UI.Config - INFO - Répertoire config UI assuré : C:\dev\2025-Epita-Intelligence-Symbolique\argumentation_analysis\data
2025-06-11 10:26:08,156 - App.UI.Config - INFO - Répertoire temporaire assuré : C:\dev\2025-Epita-Intelligence-Symbolique\_temp\temp_downloads
2025-06-11 10:26:08,166 - App.UI.Config - INFO - Config UI initialisée. EXTRACT_SOURCES est sur DEFAULT_EXTRACT_SOURCES. Le chargement dynamique est délégué.
2025-06-11 10:26:08,166 - App.UI.Config - INFO - Module config.py initialisé. 1 sources par défaut disponibles dans EXTRACT_SOURCES.
2025-06-11 10:26:08,166 - App.UI.Config - INFO - PROJECT_ROOT exporté: c:\dev\2025-Epita-Intelligence-Symbolique
2025-06-11 10:26:08,170 - App.UI.CacheUtils - INFO - Utilitaires de cache UI définis.
2025-06-11 10:26:08,529 - App.UI.FetchUtils - INFO - Utilitaires de fetch UI définis.
2025-06-11 10:26:08,530 - App.UI.VerificationUtils - INFO - Utilitaires de vérification UI définis.
2025-06-11 10:26:08,531 - App.UI.Utils - INFO - Module principal des utilitaires UI (utils.py) initialisé et sous-modules importés.
2025-06-11 10:26:08,569 - Services.CacheService - INFO - Répertoire de cache initialisé: c:\dev\2025-Epita-Intelligence-Symbolique\_temp\text_cache
2025-06-11 10:26:08,570 - Services.FetchService - INFO - FetchService initialisé avec Tika URL: https://tika.open-webui.myia.io/tika, timeout: 30s
2025-06-11 10:26:08,570 - Services.CryptoService - WARNING - Service de chiffrement initialisé sans clé. Le chiffrement est désactivé.
2025-06-11 10:26:09,019 - InformalDefinitions - INFO - Classe InformalAnalysisPlugin (V12 avec nouvelles fonctions) définie.
2025-06-11 10:26:09,020 - InformalDefinitions - INFO - Instructions Système INFORMAL_AGENT_INSTRUCTIONS (V15 avec nouvelles fonctions) définies.
