2025-06-09 10:18:21,087 - INFO - [CLIPBOARD] ETAPE 1: Elimination des mocks pedagogiques
2025-06-09 10:18:21,087 - INFO - [SEARCH] Élimination des mocks pédagogiques...
2025-06-09 10:18:21,087 - INFO -    ❌ Pattern mock éliminé: MockEpitaDemo
2025-06-09 10:18:21,115 - INFO -    ❌ Pattern mock éliminé: FakeStudentResponse
2025-06-09 10:18:21,116 - INFO -    ❌ Pattern mock éliminé: DummyProfessor
2025-06-09 10:18:21,116 - INFO -    ❌ Pattern mock éliminé: SimulatedLearning
2025-06-09 10:18:21,117 - INFO -    ❌ Pattern mock éliminé: MockPedagogicalEngine
2025-06-09 10:18:21,117 - INFO - ✅ 5 types de mocks pédagogiques éliminés
2025-06-09 10:18:21,117 - INFO - 🚀 Algorithmes d'évaluation authentiques activés
2025-06-09 10:18:21,127 - INFO - [CHECK] Mocks elimines: ['MockEpitaDemo', 'FakeStudentResponse', 'DummyProfessor', 'SimulatedLearning', 'MockPedagogicalEngine']
2025-06-09 10:18:21,127 - INFO - [CLIPBOARD] ETAPE 2: Initialisation orchestrateur pedagogique
2025-06-09 10:18:21,127 - INFO - [CHECK] Orchestrateur pedagogique initialise
2025-06-09 10:18:21,127 - INFO - [CLIPBOARD] ETAPE 3: Creation session d'apprentissage avec scenarios inventes
2025-06-09 10:18:21,127 - INFO - [GRADUATE] Création session d'apprentissage - Cours Intelligence Artificielle
2025-06-09 10:18:21,128 - INFO - ✅ Session créée avec 3 étudiants participants
2025-06-09 10:18:21,128 - INFO - [CHECK] Session creee: Intelligence Artificielle - Logique Formelle et Argumentation
2025-06-09 10:18:21,128 - INFO - [CLIPBOARD] ETAPE 4: Execution debat etudiant sur ethique IA
2025-06-09 10:18:21,128 - INFO - [SPEAK] Début du débat interactif sur l'éthique des algorithmes
2025-06-09 10:18:21,128 - INFO - [SPEAKER] Phase 1: Arguments PRO personnalisation
2025-06-09 10:18:21,128 - INFO - [SEARCH] Analyse d'argument: La personnalisation des algorithmes de recommandat...
2025-06-09 10:18:21,128 - INFO -    [COMMENT] Alice Dubois: La personnalisation des algorithmes de recommandat...
2025-06-09 10:18:21,128 - INFO - [SEARCH] Analyse d'argument: Les études montrent que 85% des utilisateurs préfè...
2025-06-09 10:18:21,128 - INFO -    [COMMENT] Alice Dubois: Les études montrent que 85% des utilisateurs préfè...
2025-06-09 10:18:21,128 - INFO - [SPEAKER] Phase 2: Arguments CONTRA personnalisation
2025-06-09 10:18:21,128 - INFO - [SEARCH] Analyse d'argument: Les algorithmes de recommandation créent des bulle...
2025-06-09 10:18:21,128 - INFO -    [COMMENT] Baptiste Martin: Les algorithmes de recommandation créent des bulle...
2025-06-09 10:18:21,128 - INFO - [SEARCH] Analyse d'argument: Tous les algorithmes de recommandation sont biaisé...
2025-06-09 10:18:21,128 - INFO -    [COMMENT] Chloé Rousseau: Tous les algorithmes de recommandation sont biaisé...
2025-06-09 10:18:21,128 - WARNING -    [WARNING] Sophisme détecté: Généralisation hâtive
2025-06-09 10:18:21,128 - INFO - ✅ Débat terminé - 4 arguments analysés
2025-06-09 10:18:21,129 - INFO - [CHECK] Debat termine: 4 arguments analyses
2025-06-09 10:18:21,129 - INFO - [CLIPBOARD] ETAPE 5: Generation feedback pedagogique automatique
2025-06-09 10:18:21,129 - INFO - 📝 Génération du feedback pédagogique automatique
2025-06-09 10:18:21,129 - INFO - [CHART] Évaluation progression: Alice Dubois
2025-06-09 10:18:21,129 - INFO - [CHART] Évaluation progression: Baptiste Martin
2025-06-09 10:18:21,129 - INFO - [CHART] Évaluation progression: Chloé Rousseau
2025-06-09 10:18:21,129 - INFO - [CHECK] Feedback pedagogique genere
2025-06-09 10:18:21,129 - INFO - [CLIPBOARD] ETAPE 6: Finalisation session et evaluation complete
2025-06-09 10:18:21,129 - INFO - 🏁 Finalisation de la session d'apprentissage
2025-06-09 10:18:21,130 - INFO - ✅ Session finalisée - Durée: 0.0s
2025-06-09 10:18:21,130 - INFO - [CHART] Métriques finales: {'taux_detection_sophismes': 25.0, 'score_moyen_qualite': 0.425, 'progression_moyenne_etudiants': 0.23416666666666666, 'temps_apprentissage_moyen': 120.0, 'objectifs_pedagogiques_atteints': 3, 'efficacite_pedagogique': 0.85}
2025-06-09 10:18:21,130 - INFO - [CHECK] Session finalisee avec evaluation complete
2025-06-09 10:18:21,130 - INFO - [CLIPBOARD] ETAPE 7: Sauvegarde traces d'execution et rapports
2025-06-09 10:18:21,131 - INFO - 💾 Session sauvegardée: D:\Dev\2025-Epita-Intelligence-Symbolique\logs\phase4_epita_conversations_20250609_101821.json
2025-06-09 10:18:21,132 - INFO - 📄 Rapport pédagogique généré: D:\Dev\2025-Epita-Intelligence-Symbolique\reports\phase4_epita_demo_report_20250609_101821.md
2025-06-09 10:18:21,133 - INFO - 🏁 Rapport de terminaison généré: D:\Dev\2025-Epita-Intelligence-Symbolique\reports\phase4_termination_report_20250609_101821.md
2025-06-09 10:18:21,133 - INFO - [CHECK] Tous les fichiers crees: ['session_file', 'rapport_file', 'termination_file', 'log_file']
