2025-06-08 11:14:05,351 [INFO] [__main__] === DÉMARRAGE TEST 3: EINSTEIN PROBLEM-SOLVING SHERLOCK-WATSON ===
2025-06-08 11:14:05,351 [INFO] [__main__] ÉTAT PARTAGÉ: Initialisation
2025-06-08 11:14:05,351 [INFO] [__main__] ÉTAT PARTAGÉ: Puzzle Initialisé
2025-06-08 11:14:05,351 [INFO] [__main__] Agents créés: Sherlock (logique) et Watson (validation)
2025-06-08 11:14:05,351 [INFO] [__main__] === SÉQUENCE DE RÉSOLUTION LOGIQUE ===
2025-06-08 11:14:05,351 [INFO] [__main__] [Sherlock] PROBLEM_ANALYSIS: Analyse structurelle du puzzle Einstein...
2025-06-08 11:14:06,157 [INFO] [__main__] [Sherlock] OUTIL constraint_analyzer: True
2025-06-08 11:14:06,764 [INFO] [__main__] [Sherlock] OUTIL starting_point_finder: True
2025-06-08 11:14:06,764 [INFO] [__main__] ÉTAPE LOGIQUE 1: Identification des points fixes
2025-06-08 11:14:06,764 [INFO] [__main__] ÉTAT PARTAGÉ: Déductions Initiales Sherlock
2025-06-08 11:14:07,775 [INFO] [__main__] [Watson] STEP_VALIDATION: Validation des déductions: 1 étapes...
2025-06-08 11:14:08,577 [INFO] [__main__] [Watson] OUTIL logic_validator: True
2025-06-08 11:14:09,183 [INFO] [__main__] [Watson] OUTIL coherence_checker: True
2025-06-08 11:14:09,183 [INFO] [__main__] [Watson] VALIDATION_RESULT: Validation: {'logical_validity': True, 'coherence_score': 0.92, 'validated_steps': 1, 'suggestions':...
2025-06-08 11:14:09,183 [INFO] [__main__] ÉTAT PARTAGÉ: Validation Watson
2025-06-08 11:14:10,194 [INFO] [__main__] [Sherlock] LOGICAL_DEDUCTION: Application des règles de déduction...
2025-06-08 11:14:10,907 [INFO] [__main__] [Sherlock] OUTIL color_deduction: True
2025-06-08 11:14:10,907 [INFO] [__main__] ÉTAPE LOGIQUE 2: Déduction des couleurs de maisons
2025-06-08 11:14:11,809 [INFO] [__main__] [Sherlock] OUTIL nationality_deduction: True
2025-06-08 11:14:11,810 [INFO] [__main__] ÉTAPE LOGIQUE 3: Déduction nationalités et boissons
2025-06-08 11:14:12,815 [INFO] [__main__] [Watson] NEXT_STEPS: Proposition des étapes suivantes...
2025-06-08 11:14:13,329 [INFO] [__main__] [Watson] OUTIL remaining_analysis: True
2025-06-08 11:14:14,339 [INFO] [__main__] [Watson] OUTIL solution_completer: True
2025-06-08 11:14:14,341 [INFO] [__main__] ÉTAPE LOGIQUE 4: Finalisation de la solution
2025-06-08 11:14:15,358 [INFO] [__main__] ÉTAT PARTAGÉ: Solution Finale Validée
2025-06-08 11:14:15,358 [INFO] [__main__] [Sherlock] SOLUTION_FOUND: Solution trouvée: L'Allemand possède le poisson (maison 4)...
2025-06-08 11:14:15,359 [INFO] [__main__] [Watson] FINAL_VALIDATION: Solution logiquement cohérente et complète...
2025-06-08 11:14:15,363 [INFO] [__main__] Trace sauvegardée: logs/trace_einstein_sherlock_watson_20250608_111415.json
2025-06-08 11:14:15,364 [INFO] [__main__] === VALIDATION OBJECTIFS TEST 3 ===
2025-06-08 11:14:15,501 [INFO] [__main__] === RÉSULTATS TEST 3 ===
2025-06-08 11:14:15,501 [INFO] [__main__] Durée totale: 10.01 secondes
2025-06-08 11:14:15,502 [INFO] [__main__] Messages échangés: 7
2025-06-08 11:14:15,502 [INFO] [__main__] Appels d'outils: 8
2025-06-08 11:14:15,502 [INFO] [__main__] Mises à jour d'état: 5
2025-06-08 11:14:15,502 [INFO] [__main__] Étapes logiques: 4
2025-06-08 11:14:15,502 [INFO] [__main__] Objectifs atteints: True
