2025-06-07 05:18:44,200 - argumentation_analysis - INFO - Package 'argumentation_analysis' chargé.
2025-06-07 05:18:44,220 - root - WARNING - Certaines classes/fonctions de 'agents.core.extract' n'ont pas pu être exposées: cannot import name 'BaseLogicAgent' from partially initialized module 'argumentation_analysis.agents.core.abc.agent_bases' (most likely due to a circular import) (D:\2025-Epita-Intelligence-Symbolique\argumentation_analysis\agents\core\abc\agent_bases.py)
2025-06-07 05:18:44,527 - App.ProjectCore.FileLoaders - INFO - Utilitaires de chargement de fichiers (FileLoaders) définis.
2025-06-07 05:18:44,528 - InformalDefinitions - INFO - Classe InformalAnalysisPlugin (V12 avec nouvelles fonctions) définie.
2025-06-07 05:18:44,530 - InformalDefinitions - INFO - Instructions Système INFORMAL_AGENT_INSTRUCTIONS (V15 avec nouvelles fonctions) définies.
2025-06-07 06:26:03,297 - argumentation_analysis - INFO - Package 'argumentation_analysis' chargé.
2025-06-07 06:26:03,300 - root - WARNING - Certaines classes/fonctions de 'agents.core.extract' n'ont pas pu être exposées: cannot import name 'BaseLogicAgent' from partially initialized module 'argumentation_analysis.agents.core.abc.agent_bases' (most likely due to a circular import) (D:\2025-Epita-Intelligence-Symbolique\argumentation_analysis\agents\core\abc\agent_bases.py)
2025-06-07 06:26:03,489 - App.ProjectCore.FileLoaders - INFO - Utilitaires de chargement de fichiers (FileLoaders) définis.
2025-06-07 06:26:03,490 - InformalDefinitions - INFO - Classe InformalAnalysisPlugin (V12 avec nouvelles fonctions) définie.
2025-06-07 06:26:03,490 - InformalDefinitions - INFO - Instructions Système INFORMAL_AGENT_INSTRUCTIONS (V15 avec nouvelles fonctions) définies.
2025-06-07 06:26:06,618 - argumentation_analysis - INFO - Package 'argumentation_analysis' chargé.
2025-06-07 06:26:06,621 - root - WARNING - Certaines classes/fonctions de 'agents.core.extract' n'ont pas pu être exposées: cannot import name 'BaseLogicAgent' from partially initialized module 'argumentation_analysis.agents.core.abc.agent_bases' (most likely due to a circular import) (D:\2025-Epita-Intelligence-Symbolique\argumentation_analysis\agents\core\abc\agent_bases.py)
2025-06-07 06:26:06,798 - App.ProjectCore.FileLoaders - INFO - Utilitaires de chargement de fichiers (FileLoaders) définis.
2025-06-07 06:26:06,799 - InformalDefinitions - INFO - Classe InformalAnalysisPlugin (V12 avec nouvelles fonctions) définie.
2025-06-07 06:26:06,799 - InformalDefinitions - INFO - Instructions Système INFORMAL_AGENT_INSTRUCTIONS (V15 avec nouvelles fonctions) définies.
2025-06-07 06:26:11,385 - argumentation_analysis - INFO - Package 'argumentation_analysis' chargé.
2025-06-07 06:26:11,388 - root - WARNING - Certaines classes/fonctions de 'agents.core.extract' n'ont pas pu être exposées: cannot import name 'BaseLogicAgent' from partially initialized module 'argumentation_analysis.agents.core.abc.agent_bases' (most likely due to a circular import) (D:\2025-Epita-Intelligence-Symbolique\argumentation_analysis\agents\core\abc\agent_bases.py)
2025-06-07 06:26:11,574 - App.ProjectCore.FileLoaders - INFO - Utilitaires de chargement de fichiers (FileLoaders) définis.
2025-06-07 06:26:11,575 - InformalDefinitions - INFO - Classe InformalAnalysisPlugin (V12 avec nouvelles fonctions) définie.
2025-06-07 06:26:11,575 - InformalDefinitions - INFO - Instructions Système INFORMAL_AGENT_INSTRUCTIONS (V15 avec nouvelles fonctions) définies.
2025-06-07 06:26:12,806 - argumentation_analysis - INFO - Package 'argumentation_analysis' chargé.
2025-06-07 06:26:12,809 - root - WARNING - Certaines classes/fonctions de 'agents.core.extract' n'ont pas pu être exposées: cannot import name 'BaseLogicAgent' from partially initialized module 'argumentation_analysis.agents.core.abc.agent_bases' (most likely due to a circular import) (D:\2025-Epita-Intelligence-Symbolique\argumentation_analysis\agents\core\abc\agent_bases.py)
2025-06-07 06:26:12,984 - App.ProjectCore.FileLoaders - INFO - Utilitaires de chargement de fichiers (FileLoaders) définis.
2025-06-07 06:26:12,985 - InformalDefinitions - INFO - Classe InformalAnalysisPlugin (V12 avec nouvelles fonctions) définie.
2025-06-07 06:26:12,985 - InformalDefinitions - INFO - Instructions Système INFORMAL_AGENT_INSTRUCTIONS (V15 avec nouvelles fonctions) définies.
2025-06-07 06:26:14,295 - argumentation_analysis - INFO - Package 'argumentation_analysis' chargé.
2025-06-07 06:26:14,298 - root - WARNING - Certaines classes/fonctions de 'agents.core.extract' n'ont pas pu être exposées: cannot import name 'BaseLogicAgent' from partially initialized module 'argumentation_analysis.agents.core.abc.agent_bases' (most likely due to a circular import) (D:\2025-Epita-Intelligence-Symbolique\argumentation_analysis\agents\core\abc\agent_bases.py)
2025-06-07 06:26:14,488 - App.ProjectCore.FileLoaders - INFO - Utilitaires de chargement de fichiers (FileLoaders) définis.
2025-06-07 06:26:14,489 - InformalDefinitions - INFO - Classe InformalAnalysisPlugin (V12 avec nouvelles fonctions) définie.
2025-06-07 06:26:14,489 - InformalDefinitions - INFO - Instructions Système INFORMAL_AGENT_INSTRUCTIONS (V15 avec nouvelles fonctions) définies.
2025-06-07 06:26:15,718 - argumentation_analysis - INFO - Package 'argumentation_analysis' chargé.
2025-06-07 06:26:15,721 - root - WARNING - Certaines classes/fonctions de 'agents.core.extract' n'ont pas pu être exposées: cannot import name 'BaseLogicAgent' from partially initialized module 'argumentation_analysis.agents.core.abc.agent_bases' (most likely due to a circular import) (D:\2025-Epita-Intelligence-Symbolique\argumentation_analysis\agents\core\abc\agent_bases.py)
2025-06-07 06:26:15,907 - App.ProjectCore.FileLoaders - INFO - Utilitaires de chargement de fichiers (FileLoaders) définis.
2025-06-07 06:26:15,908 - InformalDefinitions - INFO - Classe InformalAnalysisPlugin (V12 avec nouvelles fonctions) définie.
2025-06-07 06:26:15,908 - InformalDefinitions - INFO - Instructions Système INFORMAL_AGENT_INSTRUCTIONS (V15 avec nouvelles fonctions) définies.
2025-06-07 06:26:17,267 - argumentation_analysis - INFO - Package 'argumentation_analysis' chargé.
2025-06-07 06:26:17,270 - root - WARNING - Certaines classes/fonctions de 'agents.core.extract' n'ont pas pu être exposées: cannot import name 'BaseLogicAgent' from partially initialized module 'argumentation_analysis.agents.core.abc.agent_bases' (most likely due to a circular import) (D:\2025-Epita-Intelligence-Symbolique\argumentation_analysis\agents\core\abc\agent_bases.py)
2025-06-07 06:26:17,489 - App.ProjectCore.FileLoaders - INFO - Utilitaires de chargement de fichiers (FileLoaders) définis.
2025-06-07 06:26:17,490 - InformalDefinitions - INFO - Classe InformalAnalysisPlugin (V12 avec nouvelles fonctions) définie.
2025-06-07 06:26:17,490 - InformalDefinitions - INFO - Instructions Système INFORMAL_AGENT_INSTRUCTIONS (V15 avec nouvelles fonctions) définies.
2025-06-07 09:34:31,075 - argumentation_analysis - INFO - Package 'argumentation_analysis' chargé.
2025-06-07 09:34:31,078 - root - WARNING - Certaines classes/fonctions de 'agents.core.extract' n'ont pas pu être exposées: cannot import name 'BaseLogicAgent' from partially initialized module 'argumentation_analysis.agents.core.abc.agent_bases' (most likely due to a circular import) (D:\2025-Epita-Intelligence-Symbolique\argumentation_analysis\agents\core\abc\agent_bases.py)
2025-06-07 09:34:31,364 - App.ProjectCore.FileLoaders - INFO - Utilitaires de chargement de fichiers (FileLoaders) définis.
2025-06-07 09:34:31,366 - InformalDefinitions - INFO - Classe InformalAnalysisPlugin (V12 avec nouvelles fonctions) définie.
2025-06-07 09:34:31,366 - InformalDefinitions - INFO - Instructions Système INFORMAL_AGENT_INSTRUCTIONS (V15 avec nouvelles fonctions) définies.
2025-06-07 09:34:33,374 - argumentation_analysis - INFO - Package 'argumentation_analysis' chargé.
2025-06-07 09:34:33,378 - root - WARNING - Certaines classes/fonctions de 'agents.core.extract' n'ont pas pu être exposées: cannot import name 'BaseLogicAgent' from partially initialized module 'argumentation_analysis.agents.core.abc.agent_bases' (most likely due to a circular import) (D:\2025-Epita-Intelligence-Symbolique\argumentation_analysis\agents\core\abc\agent_bases.py)
2025-06-07 09:34:33,670 - App.ProjectCore.FileLoaders - INFO - Utilitaires de chargement de fichiers (FileLoaders) définis.
2025-06-07 09:34:33,671 - InformalDefinitions - INFO - Classe InformalAnalysisPlugin (V12 avec nouvelles fonctions) définie.
2025-06-07 09:34:33,671 - InformalDefinitions - INFO - Instructions Système INFORMAL_AGENT_INSTRUCTIONS (V15 avec nouvelles fonctions) définies.
2025-06-07 09:34:35,692 - argumentation_analysis - INFO - Package 'argumentation_analysis' chargé.
2025-06-07 09:34:35,696 - root - WARNING - Certaines classes/fonctions de 'agents.core.extract' n'ont pas pu être exposées: cannot import name 'BaseLogicAgent' from partially initialized module 'argumentation_analysis.agents.core.abc.agent_bases' (most likely due to a circular import) (D:\2025-Epita-Intelligence-Symbolique\argumentation_analysis\agents\core\abc\agent_bases.py)
2025-06-07 09:34:35,996 - App.ProjectCore.FileLoaders - INFO - Utilitaires de chargement de fichiers (FileLoaders) définis.
2025-06-07 09:34:35,997 - InformalDefinitions - INFO - Classe InformalAnalysisPlugin (V12 avec nouvelles fonctions) définie.
2025-06-07 09:34:35,997 - InformalDefinitions - INFO - Instructions Système INFORMAL_AGENT_INSTRUCTIONS (V15 avec nouvelles fonctions) définies.
2025-06-07 09:34:37,995 - argumentation_analysis - INFO - Package 'argumentation_analysis' chargé.
2025-06-07 09:34:37,999 - root - WARNING - Certaines classes/fonctions de 'agents.core.extract' n'ont pas pu être exposées: cannot import name 'BaseLogicAgent' from partially initialized module 'argumentation_analysis.agents.core.abc.agent_bases' (most likely due to a circular import) (D:\2025-Epita-Intelligence-Symbolique\argumentation_analysis\agents\core\abc\agent_bases.py)
2025-06-07 09:34:38,280 - App.ProjectCore.FileLoaders - INFO - Utilitaires de chargement de fichiers (FileLoaders) définis.
2025-06-07 09:34:38,282 - InformalDefinitions - INFO - Classe InformalAnalysisPlugin (V12 avec nouvelles fonctions) définie.
2025-06-07 09:34:38,282 - InformalDefinitions - INFO - Instructions Système INFORMAL_AGENT_INSTRUCTIONS (V15 avec nouvelles fonctions) définies.
2025-06-07 09:34:40,271 - argumentation_analysis - INFO - Package 'argumentation_analysis' chargé.
2025-06-07 09:34:40,275 - root - WARNING - Certaines classes/fonctions de 'agents.core.extract' n'ont pas pu être exposées: cannot import name 'BaseLogicAgent' from partially initialized module 'argumentation_analysis.agents.core.abc.agent_bases' (most likely due to a circular import) (D:\2025-Epita-Intelligence-Symbolique\argumentation_analysis\agents\core\abc\agent_bases.py)
2025-06-07 09:34:40,570 - App.ProjectCore.FileLoaders - INFO - Utilitaires de chargement de fichiers (FileLoaders) définis.
2025-06-07 09:34:40,571 - InformalDefinitions - INFO - Classe InformalAnalysisPlugin (V12 avec nouvelles fonctions) définie.
2025-06-07 09:34:40,571 - InformalDefinitions - INFO - Instructions Système INFORMAL_AGENT_INSTRUCTIONS (V15 avec nouvelles fonctions) définies.
2025-06-07 09:36:48,780 - argumentation_analysis - INFO - Package 'argumentation_analysis' chargé.
2025-06-07 09:36:48,784 - root - WARNING - Certaines classes/fonctions de 'agents.core.extract' n'ont pas pu être exposées: cannot import name 'BaseLogicAgent' from partially initialized module 'argumentation_analysis.agents.core.abc.agent_bases' (most likely due to a circular import) (D:\2025-Epita-Intelligence-Symbolique\argumentation_analysis\agents\core\abc\agent_bases.py)
2025-06-07 09:36:49,087 - App.ProjectCore.FileLoaders - INFO - Utilitaires de chargement de fichiers (FileLoaders) définis.
2025-06-07 09:36:49,088 - InformalDefinitions - INFO - Classe InformalAnalysisPlugin (V12 avec nouvelles fonctions) définie.
2025-06-07 09:36:49,088 - InformalDefinitions - INFO - Instructions Système INFORMAL_AGENT_INSTRUCTIONS (V15 avec nouvelles fonctions) définies.
2025-06-07 09:36:53,707 - argumentation_analysis - INFO - Package 'argumentation_analysis' chargé.
2025-06-07 09:36:53,710 - root - WARNING - Certaines classes/fonctions de 'agents.core.extract' n'ont pas pu être exposées: cannot import name 'BaseLogicAgent' from partially initialized module 'argumentation_analysis.agents.core.abc.agent_bases' (most likely due to a circular import) (D:\2025-Epita-Intelligence-Symbolique\argumentation_analysis\agents\core\abc\agent_bases.py)
2025-06-07 09:36:53,996 - App.ProjectCore.FileLoaders - INFO - Utilitaires de chargement de fichiers (FileLoaders) définis.
2025-06-07 09:36:53,998 - InformalDefinitions - INFO - Classe InformalAnalysisPlugin (V12 avec nouvelles fonctions) définie.
2025-06-07 09:36:53,998 - InformalDefinitions - INFO - Instructions Système INFORMAL_AGENT_INSTRUCTIONS (V15 avec nouvelles fonctions) définies.
2025-06-07 09:36:59,879 - argumentation_analysis - INFO - Package 'argumentation_analysis' chargé.
2025-06-07 09:36:59,885 - root - WARNING - Certaines classes/fonctions de 'agents.core.extract' n'ont pas pu être exposées: cannot import name 'BaseLogicAgent' from partially initialized module 'argumentation_analysis.agents.core.abc.agent_bases' (most likely due to a circular import) (D:\2025-Epita-Intelligence-Symbolique\argumentation_analysis\agents\core\abc\agent_bases.py)
2025-06-07 09:37:00,192 - App.ProjectCore.FileLoaders - INFO - Utilitaires de chargement de fichiers (FileLoaders) définis.
2025-06-07 09:37:00,194 - InformalDefinitions - INFO - Classe InformalAnalysisPlugin (V12 avec nouvelles fonctions) définie.
2025-06-07 09:37:00,194 - InformalDefinitions - INFO - Instructions Système INFORMAL_AGENT_INSTRUCTIONS (V15 avec nouvelles fonctions) définies.
2025-06-07 09:37:02,126 - argumentation_analysis - INFO - Package 'argumentation_analysis' chargé.
2025-06-07 09:37:02,131 - root - WARNING - Certaines classes/fonctions de 'agents.core.extract' n'ont pas pu être exposées: cannot import name 'BaseLogicAgent' from partially initialized module 'argumentation_analysis.agents.core.abc.agent_bases' (most likely due to a circular import) (D:\2025-Epita-Intelligence-Symbolique\argumentation_analysis\agents\core\abc\agent_bases.py)
2025-06-07 09:37:02,425 - App.ProjectCore.FileLoaders - INFO - Utilitaires de chargement de fichiers (FileLoaders) définis.
2025-06-07 09:37:02,426 - InformalDefinitions - INFO - Classe InformalAnalysisPlugin (V12 avec nouvelles fonctions) définie.
2025-06-07 09:37:02,426 - InformalDefinitions - INFO - Instructions Système INFORMAL_AGENT_INSTRUCTIONS (V15 avec nouvelles fonctions) définies.
2025-06-07 09:37:04,384 - argumentation_analysis - INFO - Package 'argumentation_analysis' chargé.
2025-06-07 09:37:04,388 - root - WARNING - Certaines classes/fonctions de 'agents.core.extract' n'ont pas pu être exposées: cannot import name 'BaseLogicAgent' from partially initialized module 'argumentation_analysis.agents.core.abc.agent_bases' (most likely due to a circular import) (D:\2025-Epita-Intelligence-Symbolique\argumentation_analysis\agents\core\abc\agent_bases.py)
2025-06-07 09:37:04,683 - App.ProjectCore.FileLoaders - INFO - Utilitaires de chargement de fichiers (FileLoaders) définis.
2025-06-07 09:37:04,684 - InformalDefinitions - INFO - Classe InformalAnalysisPlugin (V12 avec nouvelles fonctions) définie.
2025-06-07 09:37:04,684 - InformalDefinitions - INFO - Instructions Système INFORMAL_AGENT_INSTRUCTIONS (V15 avec nouvelles fonctions) définies.
2025-06-07 09:37:06,735 - argumentation_analysis - INFO - Package 'argumentation_analysis' chargé.
2025-06-07 09:37:06,740 - root - WARNING - Certaines classes/fonctions de 'agents.core.extract' n'ont pas pu être exposées: cannot import name 'BaseLogicAgent' from partially initialized module 'argumentation_analysis.agents.core.abc.agent_bases' (most likely due to a circular import) (D:\2025-Epita-Intelligence-Symbolique\argumentation_analysis\agents\core\abc\agent_bases.py)
2025-06-07 09:37:07,071 - App.ProjectCore.FileLoaders - INFO - Utilitaires de chargement de fichiers (FileLoaders) définis.
2025-06-07 09:37:07,072 - InformalDefinitions - INFO - Classe InformalAnalysisPlugin (V12 avec nouvelles fonctions) définie.
2025-06-07 09:37:07,072 - InformalDefinitions - INFO - Instructions Système INFORMAL_AGENT_INSTRUCTIONS (V15 avec nouvelles fonctions) définies.
2025-06-07 09:37:09,321 - argumentation_analysis - INFO - Package 'argumentation_analysis' chargé.
2025-06-07 09:37:09,325 - root - WARNING - Certaines classes/fonctions de 'agents.core.extract' n'ont pas pu être exposées: cannot import name 'BaseLogicAgent' from partially initialized module 'argumentation_analysis.agents.core.abc.agent_bases' (most likely due to a circular import) (D:\2025-Epita-Intelligence-Symbolique\argumentation_analysis\agents\core\abc\agent_bases.py)
2025-06-07 09:37:09,628 - App.ProjectCore.FileLoaders - INFO - Utilitaires de chargement de fichiers (FileLoaders) définis.
2025-06-07 09:37:09,629 - InformalDefinitions - INFO - Classe InformalAnalysisPlugin (V12 avec nouvelles fonctions) définie.
2025-06-07 09:37:09,629 - InformalDefinitions - INFO - Instructions Système INFORMAL_AGENT_INSTRUCTIONS (V15 avec nouvelles fonctions) définies.
2025-06-07 10:26:13,113 - argumentation_analysis - INFO - Package 'argumentation_analysis' chargé.
2025-06-07 10:26:13,118 - root - WARNING - Certaines classes/fonctions de 'agents.core.extract' n'ont pas pu être exposées: cannot import name 'BaseLogicAgent' from partially initialized module 'argumentation_analysis.agents.core.abc.agent_bases' (most likely due to a circular import) (D:\2025-Epita-Intelligence-Symbolique\argumentation_analysis\agents\core\abc\agent_bases.py)
2025-06-07 10:26:13,449 - App.ProjectCore.FileLoaders - INFO - Utilitaires de chargement de fichiers (FileLoaders) définis.
2025-06-07 10:26:13,450 - InformalDefinitions - INFO - Classe InformalAnalysisPlugin (V12 avec nouvelles fonctions) définie.
2025-06-07 10:26:13,450 - InformalDefinitions - INFO - Instructions Système INFORMAL_AGENT_INSTRUCTIONS (V15 avec nouvelles fonctions) définies.
2025-06-07 10:26:15,645 - argumentation_analysis - INFO - Package 'argumentation_analysis' chargé.
2025-06-07 10:26:15,650 - root - WARNING - Certaines classes/fonctions de 'agents.core.extract' n'ont pas pu être exposées: cannot import name 'BaseLogicAgent' from partially initialized module 'argumentation_analysis.agents.core.abc.agent_bases' (most likely due to a circular import) (D:\2025-Epita-Intelligence-Symbolique\argumentation_analysis\agents\core\abc\agent_bases.py)
2025-06-07 10:26:16,045 - App.ProjectCore.FileLoaders - INFO - Utilitaires de chargement de fichiers (FileLoaders) définis.
2025-06-07 10:26:16,047 - InformalDefinitions - INFO - Classe InformalAnalysisPlugin (V12 avec nouvelles fonctions) définie.
2025-06-07 10:26:16,047 - InformalDefinitions - INFO - Instructions Système INFORMAL_AGENT_INSTRUCTIONS (V15 avec nouvelles fonctions) définies.
2025-06-07 10:26:18,278 - argumentation_analysis - INFO - Package 'argumentation_analysis' chargé.
2025-06-07 10:26:18,283 - root - WARNING - Certaines classes/fonctions de 'agents.core.extract' n'ont pas pu être exposées: cannot import name 'BaseLogicAgent' from partially initialized module 'argumentation_analysis.agents.core.abc.agent_bases' (most likely due to a circular import) (D:\2025-Epita-Intelligence-Symbolique\argumentation_analysis\agents\core\abc\agent_bases.py)
2025-06-07 10:26:18,642 - App.ProjectCore.FileLoaders - INFO - Utilitaires de chargement de fichiers (FileLoaders) définis.
2025-06-07 10:26:18,644 - InformalDefinitions - INFO - Classe InformalAnalysisPlugin (V12 avec nouvelles fonctions) définie.
2025-06-07 10:26:18,644 - InformalDefinitions - INFO - Instructions Système INFORMAL_AGENT_INSTRUCTIONS (V15 avec nouvelles fonctions) définies.
2025-06-07 10:26:20,767 - argumentation_analysis - INFO - Package 'argumentation_analysis' chargé.
2025-06-07 10:26:20,771 - root - WARNING - Certaines classes/fonctions de 'agents.core.extract' n'ont pas pu être exposées: cannot import name 'BaseLogicAgent' from partially initialized module 'argumentation_analysis.agents.core.abc.agent_bases' (most likely due to a circular import) (D:\2025-Epita-Intelligence-Symbolique\argumentation_analysis\agents\core\abc\agent_bases.py)
2025-06-07 10:26:21,073 - App.ProjectCore.FileLoaders - INFO - Utilitaires de chargement de fichiers (FileLoaders) définis.
2025-06-07 10:26:21,074 - InformalDefinitions - INFO - Classe InformalAnalysisPlugin (V12 avec nouvelles fonctions) définie.
2025-06-07 10:26:21,074 - InformalDefinitions - INFO - Instructions Système INFORMAL_AGENT_INSTRUCTIONS (V15 avec nouvelles fonctions) définies.
2025-06-07 10:26:23,086 - argumentation_analysis - INFO - Package 'argumentation_analysis' chargé.
2025-06-07 10:26:23,090 - root - WARNING - Certaines classes/fonctions de 'agents.core.extract' n'ont pas pu être exposées: cannot import name 'BaseLogicAgent' from partially initialized module 'argumentation_analysis.agents.core.abc.agent_bases' (most likely due to a circular import) (D:\2025-Epita-Intelligence-Symbolique\argumentation_analysis\agents\core\abc\agent_bases.py)
2025-06-07 10:26:23,393 - App.ProjectCore.FileLoaders - INFO - Utilitaires de chargement de fichiers (FileLoaders) définis.
2025-06-07 10:26:23,394 - InformalDefinitions - INFO - Classe InformalAnalysisPlugin (V12 avec nouvelles fonctions) définie.
2025-06-07 10:26:23,394 - InformalDefinitions - INFO - Instructions Système INFORMAL_AGENT_INSTRUCTIONS (V15 avec nouvelles fonctions) définies.
2025-06-07 12:00:53,706 - argumentation_analysis - INFO - Package 'argumentation_analysis' chargé.
2025-06-07 12:00:53,711 - root - WARNING - Certaines classes/fonctions de 'agents.core.extract' n'ont pas pu être exposées: cannot import name 'BaseLogicAgent' from partially initialized module 'argumentation_analysis.agents.core.abc.agent_bases' (most likely due to a circular import) (D:\2025-Epita-Intelligence-Symbolique\argumentation_analysis\agents\core\abc\agent_bases.py)
2025-06-07 12:00:54,012 - App.ProjectCore.FileLoaders - INFO - Utilitaires de chargement de fichiers (FileLoaders) définis.
2025-06-07 12:00:54,013 - InformalDefinitions - INFO - Classe InformalAnalysisPlugin (V12 avec nouvelles fonctions) définie.
2025-06-07 12:00:54,013 - InformalDefinitions - INFO - Instructions Système INFORMAL_AGENT_INSTRUCTIONS (V15 avec nouvelles fonctions) définies.
2025-06-07 12:00:56,156 - argumentation_analysis - INFO - Package 'argumentation_analysis' chargé.
2025-06-07 12:00:56,160 - root - WARNING - Certaines classes/fonctions de 'agents.core.extract' n'ont pas pu être exposées: cannot import name 'BaseLogicAgent' from partially initialized module 'argumentation_analysis.agents.core.abc.agent_bases' (most likely due to a circular import) (D:\2025-Epita-Intelligence-Symbolique\argumentation_analysis\agents\core\abc\agent_bases.py)
2025-06-07 12:00:56,526 - App.ProjectCore.FileLoaders - INFO - Utilitaires de chargement de fichiers (FileLoaders) définis.
2025-06-07 12:00:56,527 - InformalDefinitions - INFO - Classe InformalAnalysisPlugin (V12 avec nouvelles fonctions) définie.
2025-06-07 12:00:56,527 - InformalDefinitions - INFO - Instructions Système INFORMAL_AGENT_INSTRUCTIONS (V15 avec nouvelles fonctions) définies.
2025-06-07 12:00:58,572 - argumentation_analysis - INFO - Package 'argumentation_analysis' chargé.
2025-06-07 12:00:58,577 - root - WARNING - Certaines classes/fonctions de 'agents.core.extract' n'ont pas pu être exposées: cannot import name 'BaseLogicAgent' from partially initialized module 'argumentation_analysis.agents.core.abc.agent_bases' (most likely due to a circular import) (D:\2025-Epita-Intelligence-Symbolique\argumentation_analysis\agents\core\abc\agent_bases.py)
2025-06-07 12:00:58,873 - App.ProjectCore.FileLoaders - INFO - Utilitaires de chargement de fichiers (FileLoaders) définis.
2025-06-07 12:00:58,875 - InformalDefinitions - INFO - Classe InformalAnalysisPlugin (V12 avec nouvelles fonctions) définie.
2025-06-07 12:00:58,875 - InformalDefinitions - INFO - Instructions Système INFORMAL_AGENT_INSTRUCTIONS (V15 avec nouvelles fonctions) définies.
2025-06-07 12:01:01,014 - argumentation_analysis - INFO - Package 'argumentation_analysis' chargé.
2025-06-07 12:01:01,018 - root - WARNING - Certaines classes/fonctions de 'agents.core.extract' n'ont pas pu être exposées: cannot import name 'BaseLogicAgent' from partially initialized module 'argumentation_analysis.agents.core.abc.agent_bases' (most likely due to a circular import) (D:\2025-Epita-Intelligence-Symbolique\argumentation_analysis\agents\core\abc\agent_bases.py)
2025-06-07 12:01:01,362 - App.ProjectCore.FileLoaders - INFO - Utilitaires de chargement de fichiers (FileLoaders) définis.
2025-06-07 12:01:01,363 - InformalDefinitions - INFO - Classe InformalAnalysisPlugin (V12 avec nouvelles fonctions) définie.
2025-06-07 12:01:01,363 - InformalDefinitions - INFO - Instructions Système INFORMAL_AGENT_INSTRUCTIONS (V15 avec nouvelles fonctions) définies.
2025-06-07 12:01:03,574 - argumentation_analysis - INFO - Package 'argumentation_analysis' chargé.
2025-06-07 12:01:03,581 - root - WARNING - Certaines classes/fonctions de 'agents.core.extract' n'ont pas pu être exposées: cannot import name 'BaseLogicAgent' from partially initialized module 'argumentation_analysis.agents.core.abc.agent_bases' (most likely due to a circular import) (D:\2025-Epita-Intelligence-Symbolique\argumentation_analysis\agents\core\abc\agent_bases.py)
2025-06-07 12:01:03,918 - App.ProjectCore.FileLoaders - INFO - Utilitaires de chargement de fichiers (FileLoaders) définis.
2025-06-07 12:01:03,920 - InformalDefinitions - INFO - Classe InformalAnalysisPlugin (V12 avec nouvelles fonctions) définie.
2025-06-07 12:01:03,920 - InformalDefinitions - INFO - Instructions Système INFORMAL_AGENT_INSTRUCTIONS (V15 avec nouvelles fonctions) définies.
