2025-06-07 06:26:04,825 - argumentation_analysis - INFO - Package 'argumentation_analysis' chargé.
2025-06-07 06:26:04,827 - root - WARNING - Certaines classes/fonctions de 'agents.core.extract' n'ont pas pu être exposées: cannot import name 'BaseLogicAgent' from partially initialized module 'argumentation_analysis.agents.core.abc.agent_bases' (most likely due to a circular import) (D:\2025-Epita-Intelligence-Symbolique\argumentation_analysis\agents\core\abc\agent_bases.py)
2025-06-07 06:26:05,047 - App.ProjectCore.FileLoaders - INFO - Utilitaires de chargement de fichiers (FileLoaders) définis.
2025-06-07 06:26:05,049 - InformalDefinitions - INFO - Classe InformalAnalysisPlugin (V12 avec nouvelles fonctions) définie.
2025-06-07 06:26:05,051 - InformalDefinitions - INFO - Instructions Système INFORMAL_AGENT_INSTRUCTIONS (V15 avec nouvelles fonctions) définies.
2025-06-07 06:26:08,067 - argumentation_analysis - INFO - Package 'argumentation_analysis' chargé.
2025-06-07 06:26:08,069 - root - WARNING - Certaines classes/fonctions de 'agents.core.extract' n'ont pas pu être exposées: cannot import name 'BaseLogicAgent' from partially initialized module 'argumentation_analysis.agents.core.abc.agent_bases' (most likely due to a circular import) (D:\2025-Epita-Intelligence-Symbolique\argumentation_analysis\agents\core\abc\agent_bases.py)
2025-06-07 06:26:08,279 - App.ProjectCore.FileLoaders - INFO - Utilitaires de chargement de fichiers (FileLoaders) définis.
2025-06-07 06:26:08,280 - InformalDefinitions - INFO - Classe InformalAnalysisPlugin (V12 avec nouvelles fonctions) définie.
2025-06-07 06:26:08,280 - InformalDefinitions - INFO - Instructions Système INFORMAL_AGENT_INSTRUCTIONS (V15 avec nouvelles fonctions) définies.
2025-06-07 09:34:42,649 - argumentation_analysis - INFO - Package 'argumentation_analysis' chargé.
2025-06-07 09:34:42,652 - root - WARNING - Certaines classes/fonctions de 'agents.core.extract' n'ont pas pu être exposées: cannot import name 'BaseLogicAgent' from partially initialized module 'argumentation_analysis.agents.core.abc.agent_bases' (most likely due to a circular import) (D:\2025-Epita-Intelligence-Symbolique\argumentation_analysis\agents\core\abc\agent_bases.py)
2025-06-07 09:34:42,948 - App.ProjectCore.FileLoaders - INFO - Utilitaires de chargement de fichiers (FileLoaders) définis.
2025-06-07 09:34:42,949 - InformalDefinitions - INFO - Classe InformalAnalysisPlugin (V12 avec nouvelles fonctions) définie.
2025-06-07 09:34:42,949 - InformalDefinitions - INFO - Instructions Système INFORMAL_AGENT_INSTRUCTIONS (V15 avec nouvelles fonctions) définies.
2025-06-07 09:34:45,247 - argumentation_analysis - INFO - Package 'argumentation_analysis' chargé.
2025-06-07 09:34:45,251 - root - WARNING - Certaines classes/fonctions de 'agents.core.extract' n'ont pas pu être exposées: cannot import name 'BaseLogicAgent' from partially initialized module 'argumentation_analysis.agents.core.abc.agent_bases' (most likely due to a circular import) (D:\2025-Epita-Intelligence-Symbolique\argumentation_analysis\agents\core\abc\agent_bases.py)
2025-06-07 09:34:45,560 - App.ProjectCore.FileLoaders - INFO - Utilitaires de chargement de fichiers (FileLoaders) définis.
2025-06-07 09:34:45,561 - InformalDefinitions - INFO - Classe InformalAnalysisPlugin (V12 avec nouvelles fonctions) définie.
2025-06-07 09:34:45,562 - InformalDefinitions - INFO - Instructions Système INFORMAL_AGENT_INSTRUCTIONS (V15 avec nouvelles fonctions) définies.
2025-06-07 09:34:47,757 - argumentation_analysis - INFO - Package 'argumentation_analysis' chargé.
2025-06-07 09:34:47,761 - root - WARNING - Certaines classes/fonctions de 'agents.core.extract' n'ont pas pu être exposées: cannot import name 'BaseLogicAgent' from partially initialized module 'argumentation_analysis.agents.core.abc.agent_bases' (most likely due to a circular import) (D:\2025-Epita-Intelligence-Symbolique\argumentation_analysis\agents\core\abc\agent_bases.py)
2025-06-07 09:34:48,088 - App.ProjectCore.FileLoaders - INFO - Utilitaires de chargement de fichiers (FileLoaders) définis.
2025-06-07 09:34:48,088 - InformalDefinitions - INFO - Classe InformalAnalysisPlugin (V12 avec nouvelles fonctions) définie.
2025-06-07 09:34:48,089 - InformalDefinitions - INFO - Instructions Système INFORMAL_AGENT_INSTRUCTIONS (V15 avec nouvelles fonctions) définies.
2025-06-07 09:34:50,244 - argumentation_analysis - INFO - Package 'argumentation_analysis' chargé.
2025-06-07 09:34:50,247 - root - WARNING - Certaines classes/fonctions de 'agents.core.extract' n'ont pas pu être exposées: cannot import name 'BaseLogicAgent' from partially initialized module 'argumentation_analysis.agents.core.abc.agent_bases' (most likely due to a circular import) (D:\2025-Epita-Intelligence-Symbolique\argumentation_analysis\agents\core\abc\agent_bases.py)
2025-06-07 09:34:50,562 - App.ProjectCore.FileLoaders - INFO - Utilitaires de chargement de fichiers (FileLoaders) définis.
2025-06-07 09:34:50,563 - InformalDefinitions - INFO - Classe InformalAnalysisPlugin (V12 avec nouvelles fonctions) définie.
2025-06-07 09:34:50,563 - InformalDefinitions - INFO - Instructions Système INFORMAL_AGENT_INSTRUCTIONS (V15 avec nouvelles fonctions) définies.
2025-06-07 09:34:52,618 - argumentation_analysis - INFO - Package 'argumentation_analysis' chargé.
2025-06-07 09:34:52,623 - root - WARNING - Certaines classes/fonctions de 'agents.core.extract' n'ont pas pu être exposées: cannot import name 'BaseLogicAgent' from partially initialized module 'argumentation_analysis.agents.core.abc.agent_bases' (most likely due to a circular import) (D:\2025-Epita-Intelligence-Symbolique\argumentation_analysis\agents\core\abc\agent_bases.py)
2025-06-07 09:34:52,928 - App.ProjectCore.FileLoaders - INFO - Utilitaires de chargement de fichiers (FileLoaders) définis.
2025-06-07 09:34:52,930 - InformalDefinitions - INFO - Classe InformalAnalysisPlugin (V12 avec nouvelles fonctions) définie.
2025-06-07 09:34:52,930 - InformalDefinitions - INFO - Instructions Système INFORMAL_AGENT_INSTRUCTIONS (V15 avec nouvelles fonctions) définies.
2025-06-07 09:34:55,083 - argumentation_analysis - INFO - Package 'argumentation_analysis' chargé.
2025-06-07 09:34:55,086 - root - WARNING - Certaines classes/fonctions de 'agents.core.extract' n'ont pas pu être exposées: cannot import name 'BaseLogicAgent' from partially initialized module 'argumentation_analysis.agents.core.abc.agent_bases' (most likely due to a circular import) (D:\2025-Epita-Intelligence-Symbolique\argumentation_analysis\agents\core\abc\agent_bases.py)
2025-06-07 09:34:55,372 - App.ProjectCore.FileLoaders - INFO - Utilitaires de chargement de fichiers (FileLoaders) définis.
2025-06-07 09:34:55,373 - InformalDefinitions - INFO - Classe InformalAnalysisPlugin (V12 avec nouvelles fonctions) définie.
2025-06-07 09:34:55,373 - InformalDefinitions - INFO - Instructions Système INFORMAL_AGENT_INSTRUCTIONS (V15 avec nouvelles fonctions) définies.
2025-06-07 09:34:57,420 - argumentation_analysis - INFO - Package 'argumentation_analysis' chargé.
2025-06-07 09:34:57,423 - root - WARNING - Certaines classes/fonctions de 'agents.core.extract' n'ont pas pu être exposées: cannot import name 'BaseLogicAgent' from partially initialized module 'argumentation_analysis.agents.core.abc.agent_bases' (most likely due to a circular import) (D:\2025-Epita-Intelligence-Symbolique\argumentation_analysis\agents\core\abc\agent_bases.py)
2025-06-07 09:34:57,760 - App.ProjectCore.FileLoaders - INFO - Utilitaires de chargement de fichiers (FileLoaders) définis.
2025-06-07 09:34:57,761 - InformalDefinitions - INFO - Classe InformalAnalysisPlugin (V12 avec nouvelles fonctions) définie.
2025-06-07 09:34:57,761 - InformalDefinitions - INFO - Instructions Système INFORMAL_AGENT_INSTRUCTIONS (V15 avec nouvelles fonctions) définies.
2025-06-07 09:34:59,832 - argumentation_analysis - INFO - Package 'argumentation_analysis' chargé.
2025-06-07 09:34:59,835 - root - WARNING - Certaines classes/fonctions de 'agents.core.extract' n'ont pas pu être exposées: cannot import name 'BaseLogicAgent' from partially initialized module 'argumentation_analysis.agents.core.abc.agent_bases' (most likely due to a circular import) (D:\2025-Epita-Intelligence-Symbolique\argumentation_analysis\agents\core\abc\agent_bases.py)
2025-06-07 09:35:00,211 - App.ProjectCore.FileLoaders - INFO - Utilitaires de chargement de fichiers (FileLoaders) définis.
2025-06-07 09:35:00,211 - InformalDefinitions - INFO - Classe InformalAnalysisPlugin (V12 avec nouvelles fonctions) définie.
2025-06-07 09:35:00,211 - InformalDefinitions - INFO - Instructions Système INFORMAL_AGENT_INSTRUCTIONS (V15 avec nouvelles fonctions) définies.
2025-06-07 09:35:02,366 - argumentation_analysis - INFO - Package 'argumentation_analysis' chargé.
2025-06-07 09:35:02,369 - root - WARNING - Certaines classes/fonctions de 'agents.core.extract' n'ont pas pu être exposées: cannot import name 'BaseLogicAgent' from partially initialized module 'argumentation_analysis.agents.core.abc.agent_bases' (most likely due to a circular import) (D:\2025-Epita-Intelligence-Symbolique\argumentation_analysis\agents\core\abc\agent_bases.py)
2025-06-07 09:35:02,658 - App.ProjectCore.FileLoaders - INFO - Utilitaires de chargement de fichiers (FileLoaders) définis.
2025-06-07 09:35:02,658 - InformalDefinitions - INFO - Classe InformalAnalysisPlugin (V12 avec nouvelles fonctions) définie.
2025-06-07 09:35:02,658 - InformalDefinitions - INFO - Instructions Système INFORMAL_AGENT_INSTRUCTIONS (V15 avec nouvelles fonctions) définies.
2025-06-07 09:35:04,623 - argumentation_analysis - INFO - Package 'argumentation_analysis' chargé.
2025-06-07 09:35:04,626 - root - WARNING - Certaines classes/fonctions de 'agents.core.extract' n'ont pas pu être exposées: cannot import name 'BaseLogicAgent' from partially initialized module 'argumentation_analysis.agents.core.abc.agent_bases' (most likely due to a circular import) (D:\2025-Epita-Intelligence-Symbolique\argumentation_analysis\agents\core\abc\agent_bases.py)
2025-06-07 09:35:04,924 - App.ProjectCore.FileLoaders - INFO - Utilitaires de chargement de fichiers (FileLoaders) définis.
2025-06-07 09:35:04,925 - InformalDefinitions - INFO - Classe InformalAnalysisPlugin (V12 avec nouvelles fonctions) définie.
2025-06-07 09:35:04,925 - InformalDefinitions - INFO - Instructions Système INFORMAL_AGENT_INSTRUCTIONS (V15 avec nouvelles fonctions) définies.
2025-06-07 09:35:06,982 - argumentation_analysis - INFO - Package 'argumentation_analysis' chargé.
2025-06-07 09:35:06,984 - root - WARNING - Certaines classes/fonctions de 'agents.core.extract' n'ont pas pu être exposées: cannot import name 'BaseLogicAgent' from partially initialized module 'argumentation_analysis.agents.core.abc.agent_bases' (most likely due to a circular import) (D:\2025-Epita-Intelligence-Symbolique\argumentation_analysis\agents\core\abc\agent_bases.py)
2025-06-07 09:35:07,292 - App.ProjectCore.FileLoaders - INFO - Utilitaires de chargement de fichiers (FileLoaders) définis.
2025-06-07 09:35:07,293 - InformalDefinitions - INFO - Classe InformalAnalysisPlugin (V12 avec nouvelles fonctions) définie.
2025-06-07 09:35:07,293 - InformalDefinitions - INFO - Instructions Système INFORMAL_AGENT_INSTRUCTIONS (V15 avec nouvelles fonctions) définies.
2025-06-07 09:36:51,227 - argumentation_analysis - INFO - Package 'argumentation_analysis' chargé.
2025-06-07 09:36:51,230 - root - WARNING - Certaines classes/fonctions de 'agents.core.extract' n'ont pas pu être exposées: cannot import name 'BaseLogicAgent' from partially initialized module 'argumentation_analysis.agents.core.abc.agent_bases' (most likely due to a circular import) (D:\2025-Epita-Intelligence-Symbolique\argumentation_analysis\agents\core\abc\agent_bases.py)
2025-06-07 09:36:51,518 - App.ProjectCore.FileLoaders - INFO - Utilitaires de chargement de fichiers (FileLoaders) définis.
2025-06-07 09:36:51,520 - InformalDefinitions - INFO - Classe InformalAnalysisPlugin (V12 avec nouvelles fonctions) définie.
2025-06-07 09:36:51,520 - InformalDefinitions - INFO - Instructions Système INFORMAL_AGENT_INSTRUCTIONS (V15 avec nouvelles fonctions) définies.
2025-06-07 09:36:55,932 - argumentation_analysis - INFO - Package 'argumentation_analysis' chargé.
2025-06-07 09:36:55,936 - root - WARNING - Certaines classes/fonctions de 'agents.core.extract' n'ont pas pu être exposées: cannot import name 'BaseLogicAgent' from partially initialized module 'argumentation_analysis.agents.core.abc.agent_bases' (most likely due to a circular import) (D:\2025-Epita-Intelligence-Symbolique\argumentation_analysis\agents\core\abc\agent_bases.py)
2025-06-07 09:36:56,244 - App.ProjectCore.FileLoaders - INFO - Utilitaires de chargement de fichiers (FileLoaders) définis.
2025-06-07 09:36:56,245 - InformalDefinitions - INFO - Classe InformalAnalysisPlugin (V12 avec nouvelles fonctions) définie.
2025-06-07 09:36:56,245 - InformalDefinitions - INFO - Instructions Système INFORMAL_AGENT_INSTRUCTIONS (V15 avec nouvelles fonctions) définies.
2025-06-07 10:26:25,436 - argumentation_analysis - INFO - Package 'argumentation_analysis' chargé.
2025-06-07 10:26:25,439 - root - WARNING - Certaines classes/fonctions de 'agents.core.extract' n'ont pas pu être exposées: cannot import name 'BaseLogicAgent' from partially initialized module 'argumentation_analysis.agents.core.abc.agent_bases' (most likely due to a circular import) (D:\2025-Epita-Intelligence-Symbolique\argumentation_analysis\agents\core\abc\agent_bases.py)
2025-06-07 10:26:25,737 - App.ProjectCore.FileLoaders - INFO - Utilitaires de chargement de fichiers (FileLoaders) définis.
2025-06-07 10:26:25,738 - InformalDefinitions - INFO - Classe InformalAnalysisPlugin (V12 avec nouvelles fonctions) définie.
2025-06-07 10:26:25,738 - InformalDefinitions - INFO - Instructions Système INFORMAL_AGENT_INSTRUCTIONS (V15 avec nouvelles fonctions) définies.
2025-06-07 10:26:27,766 - argumentation_analysis - INFO - Package 'argumentation_analysis' chargé.
2025-06-07 10:26:27,769 - root - WARNING - Certaines classes/fonctions de 'agents.core.extract' n'ont pas pu être exposées: cannot import name 'BaseLogicAgent' from partially initialized module 'argumentation_analysis.agents.core.abc.agent_bases' (most likely due to a circular import) (D:\2025-Epita-Intelligence-Symbolique\argumentation_analysis\agents\core\abc\agent_bases.py)
2025-06-07 10:26:28,059 - App.ProjectCore.FileLoaders - INFO - Utilitaires de chargement de fichiers (FileLoaders) définis.
2025-06-07 10:26:28,061 - InformalDefinitions - INFO - Classe InformalAnalysisPlugin (V12 avec nouvelles fonctions) définie.
2025-06-07 10:26:28,061 - InformalDefinitions - INFO - Instructions Système INFORMAL_AGENT_INSTRUCTIONS (V15 avec nouvelles fonctions) définies.
2025-06-07 10:26:30,211 - argumentation_analysis - INFO - Package 'argumentation_analysis' chargé.
2025-06-07 10:26:30,214 - root - WARNING - Certaines classes/fonctions de 'agents.core.extract' n'ont pas pu être exposées: cannot import name 'BaseLogicAgent' from partially initialized module 'argumentation_analysis.agents.core.abc.agent_bases' (most likely due to a circular import) (D:\2025-Epita-Intelligence-Symbolique\argumentation_analysis\agents\core\abc\agent_bases.py)
2025-06-07 10:26:30,518 - App.ProjectCore.FileLoaders - INFO - Utilitaires de chargement de fichiers (FileLoaders) définis.
2025-06-07 10:26:30,519 - InformalDefinitions - INFO - Classe InformalAnalysisPlugin (V12 avec nouvelles fonctions) définie.
2025-06-07 10:26:30,519 - InformalDefinitions - INFO - Instructions Système INFORMAL_AGENT_INSTRUCTIONS (V15 avec nouvelles fonctions) définies.
2025-06-07 10:26:32,557 - argumentation_analysis - INFO - Package 'argumentation_analysis' chargé.
2025-06-07 10:26:32,560 - root - WARNING - Certaines classes/fonctions de 'agents.core.extract' n'ont pas pu être exposées: cannot import name 'BaseLogicAgent' from partially initialized module 'argumentation_analysis.agents.core.abc.agent_bases' (most likely due to a circular import) (D:\2025-Epita-Intelligence-Symbolique\argumentation_analysis\agents\core\abc\agent_bases.py)
2025-06-07 10:26:32,872 - App.ProjectCore.FileLoaders - INFO - Utilitaires de chargement de fichiers (FileLoaders) définis.
2025-06-07 10:26:32,873 - InformalDefinitions - INFO - Classe InformalAnalysisPlugin (V12 avec nouvelles fonctions) définie.
2025-06-07 10:26:32,873 - InformalDefinitions - INFO - Instructions Système INFORMAL_AGENT_INSTRUCTIONS (V15 avec nouvelles fonctions) définies.
2025-06-07 10:26:34,981 - argumentation_analysis - INFO - Package 'argumentation_analysis' chargé.
2025-06-07 10:26:34,984 - root - WARNING - Certaines classes/fonctions de 'agents.core.extract' n'ont pas pu être exposées: cannot import name 'BaseLogicAgent' from partially initialized module 'argumentation_analysis.agents.core.abc.agent_bases' (most likely due to a circular import) (D:\2025-Epita-Intelligence-Symbolique\argumentation_analysis\agents\core\abc\agent_bases.py)
2025-06-07 10:26:35,337 - App.ProjectCore.FileLoaders - INFO - Utilitaires de chargement de fichiers (FileLoaders) définis.
2025-06-07 10:26:35,338 - InformalDefinitions - INFO - Classe InformalAnalysisPlugin (V12 avec nouvelles fonctions) définie.
2025-06-07 10:26:35,338 - InformalDefinitions - INFO - Instructions Système INFORMAL_AGENT_INSTRUCTIONS (V15 avec nouvelles fonctions) définies.
2025-06-07 10:26:37,492 - argumentation_analysis - INFO - Package 'argumentation_analysis' chargé.
2025-06-07 10:26:37,494 - root - WARNING - Certaines classes/fonctions de 'agents.core.extract' n'ont pas pu être exposées: cannot import name 'BaseLogicAgent' from partially initialized module 'argumentation_analysis.agents.core.abc.agent_bases' (most likely due to a circular import) (D:\2025-Epita-Intelligence-Symbolique\argumentation_analysis\agents\core\abc\agent_bases.py)
2025-06-07 10:26:37,798 - App.ProjectCore.FileLoaders - INFO - Utilitaires de chargement de fichiers (FileLoaders) définis.
2025-06-07 10:26:37,800 - InformalDefinitions - INFO - Classe InformalAnalysisPlugin (V12 avec nouvelles fonctions) définie.
2025-06-07 10:26:37,800 - InformalDefinitions - INFO - Instructions Système INFORMAL_AGENT_INSTRUCTIONS (V15 avec nouvelles fonctions) définies.
2025-06-07 10:26:39,800 - argumentation_analysis - INFO - Package 'argumentation_analysis' chargé.
2025-06-07 10:26:39,803 - root - WARNING - Certaines classes/fonctions de 'agents.core.extract' n'ont pas pu être exposées: cannot import name 'BaseLogicAgent' from partially initialized module 'argumentation_analysis.agents.core.abc.agent_bases' (most likely due to a circular import) (D:\2025-Epita-Intelligence-Symbolique\argumentation_analysis\agents\core\abc\agent_bases.py)
2025-06-07 10:26:40,170 - App.ProjectCore.FileLoaders - INFO - Utilitaires de chargement de fichiers (FileLoaders) définis.
2025-06-07 10:26:40,172 - InformalDefinitions - INFO - Classe InformalAnalysisPlugin (V12 avec nouvelles fonctions) définie.
2025-06-07 10:26:40,172 - InformalDefinitions - INFO - Instructions Système INFORMAL_AGENT_INSTRUCTIONS (V15 avec nouvelles fonctions) définies.
2025-06-07 10:26:42,329 - argumentation_analysis - INFO - Package 'argumentation_analysis' chargé.
2025-06-07 10:26:42,332 - root - WARNING - Certaines classes/fonctions de 'agents.core.extract' n'ont pas pu être exposées: cannot import name 'BaseLogicAgent' from partially initialized module 'argumentation_analysis.agents.core.abc.agent_bases' (most likely due to a circular import) (D:\2025-Epita-Intelligence-Symbolique\argumentation_analysis\agents\core\abc\agent_bases.py)
2025-06-07 10:26:42,625 - App.ProjectCore.FileLoaders - INFO - Utilitaires de chargement de fichiers (FileLoaders) définis.
2025-06-07 10:26:42,626 - InformalDefinitions - INFO - Classe InformalAnalysisPlugin (V12 avec nouvelles fonctions) définie.
2025-06-07 10:26:42,626 - InformalDefinitions - INFO - Instructions Système INFORMAL_AGENT_INSTRUCTIONS (V15 avec nouvelles fonctions) définies.
2025-06-07 10:26:44,865 - argumentation_analysis - INFO - Package 'argumentation_analysis' chargé.
2025-06-07 10:26:44,868 - root - WARNING - Certaines classes/fonctions de 'agents.core.extract' n'ont pas pu être exposées: cannot import name 'BaseLogicAgent' from partially initialized module 'argumentation_analysis.agents.core.abc.agent_bases' (most likely due to a circular import) (D:\2025-Epita-Intelligence-Symbolique\argumentation_analysis\agents\core\abc\agent_bases.py)
2025-06-07 10:26:45,212 - App.ProjectCore.FileLoaders - INFO - Utilitaires de chargement de fichiers (FileLoaders) définis.
2025-06-07 10:26:45,214 - InformalDefinitions - INFO - Classe InformalAnalysisPlugin (V12 avec nouvelles fonctions) définie.
2025-06-07 10:26:45,214 - InformalDefinitions - INFO - Instructions Système INFORMAL_AGENT_INSTRUCTIONS (V15 avec nouvelles fonctions) définies.
2025-06-07 10:26:47,376 - argumentation_analysis - INFO - Package 'argumentation_analysis' chargé.
2025-06-07 10:26:47,378 - root - WARNING - Certaines classes/fonctions de 'agents.core.extract' n'ont pas pu être exposées: cannot import name 'BaseLogicAgent' from partially initialized module 'argumentation_analysis.agents.core.abc.agent_bases' (most likely due to a circular import) (D:\2025-Epita-Intelligence-Symbolique\argumentation_analysis\agents\core\abc\agent_bases.py)
2025-06-07 10:26:47,665 - App.ProjectCore.FileLoaders - INFO - Utilitaires de chargement de fichiers (FileLoaders) définis.
2025-06-07 10:26:47,666 - InformalDefinitions - INFO - Classe InformalAnalysisPlugin (V12 avec nouvelles fonctions) définie.
2025-06-07 10:26:47,666 - InformalDefinitions - INFO - Instructions Système INFORMAL_AGENT_INSTRUCTIONS (V15 avec nouvelles fonctions) définies.
2025-06-07 10:26:49,737 - argumentation_analysis - INFO - Package 'argumentation_analysis' chargé.
2025-06-07 10:26:49,740 - root - WARNING - Certaines classes/fonctions de 'agents.core.extract' n'ont pas pu être exposées: cannot import name 'BaseLogicAgent' from partially initialized module 'argumentation_analysis.agents.core.abc.agent_bases' (most likely due to a circular import) (D:\2025-Epita-Intelligence-Symbolique\argumentation_analysis\agents\core\abc\agent_bases.py)
2025-06-07 10:26:50,092 - App.ProjectCore.FileLoaders - INFO - Utilitaires de chargement de fichiers (FileLoaders) définis.
2025-06-07 10:26:50,094 - InformalDefinitions - INFO - Classe InformalAnalysisPlugin (V12 avec nouvelles fonctions) définie.
2025-06-07 10:26:50,094 - InformalDefinitions - INFO - Instructions Système INFORMAL_AGENT_INSTRUCTIONS (V15 avec nouvelles fonctions) définies.
2025-06-07 12:01:06,207 - argumentation_analysis - INFO - Package 'argumentation_analysis' chargé.
2025-06-07 12:01:06,210 - root - WARNING - Certaines classes/fonctions de 'agents.core.extract' n'ont pas pu être exposées: cannot import name 'BaseLogicAgent' from partially initialized module 'argumentation_analysis.agents.core.abc.agent_bases' (most likely due to a circular import) (D:\2025-Epita-Intelligence-Symbolique\argumentation_analysis\agents\core\abc\agent_bases.py)
2025-06-07 12:01:06,534 - App.ProjectCore.FileLoaders - INFO - Utilitaires de chargement de fichiers (FileLoaders) définis.
2025-06-07 12:01:06,536 - InformalDefinitions - INFO - Classe InformalAnalysisPlugin (V12 avec nouvelles fonctions) définie.
2025-06-07 12:01:06,536 - InformalDefinitions - INFO - Instructions Système INFORMAL_AGENT_INSTRUCTIONS (V15 avec nouvelles fonctions) définies.
2025-06-07 12:01:08,633 - argumentation_analysis - INFO - Package 'argumentation_analysis' chargé.
2025-06-07 12:01:08,638 - root - WARNING - Certaines classes/fonctions de 'agents.core.extract' n'ont pas pu être exposées: cannot import name 'BaseLogicAgent' from partially initialized module 'argumentation_analysis.agents.core.abc.agent_bases' (most likely due to a circular import) (D:\2025-Epita-Intelligence-Symbolique\argumentation_analysis\agents\core\abc\agent_bases.py)
2025-06-07 12:01:08,979 - App.ProjectCore.FileLoaders - INFO - Utilitaires de chargement de fichiers (FileLoaders) définis.
2025-06-07 12:01:08,981 - InformalDefinitions - INFO - Classe InformalAnalysisPlugin (V12 avec nouvelles fonctions) définie.
2025-06-07 12:01:08,982 - InformalDefinitions - INFO - Instructions Système INFORMAL_AGENT_INSTRUCTIONS (V15 avec nouvelles fonctions) définies.
2025-06-07 12:01:11,029 - argumentation_analysis - INFO - Package 'argumentation_analysis' chargé.
2025-06-07 12:01:11,032 - root - WARNING - Certaines classes/fonctions de 'agents.core.extract' n'ont pas pu être exposées: cannot import name 'BaseLogicAgent' from partially initialized module 'argumentation_analysis.agents.core.abc.agent_bases' (most likely due to a circular import) (D:\2025-Epita-Intelligence-Symbolique\argumentation_analysis\agents\core\abc\agent_bases.py)
2025-06-07 12:01:11,337 - App.ProjectCore.FileLoaders - INFO - Utilitaires de chargement de fichiers (FileLoaders) définis.
2025-06-07 12:01:11,339 - InformalDefinitions - INFO - Classe InformalAnalysisPlugin (V12 avec nouvelles fonctions) définie.
2025-06-07 12:01:11,339 - InformalDefinitions - INFO - Instructions Système INFORMAL_AGENT_INSTRUCTIONS (V15 avec nouvelles fonctions) définies.
2025-06-07 12:01:13,380 - argumentation_analysis - INFO - Package 'argumentation_analysis' chargé.
2025-06-07 12:01:13,384 - root - WARNING - Certaines classes/fonctions de 'agents.core.extract' n'ont pas pu être exposées: cannot import name 'BaseLogicAgent' from partially initialized module 'argumentation_analysis.agents.core.abc.agent_bases' (most likely due to a circular import) (D:\2025-Epita-Intelligence-Symbolique\argumentation_analysis\agents\core\abc\agent_bases.py)
2025-06-07 12:01:13,696 - App.ProjectCore.FileLoaders - INFO - Utilitaires de chargement de fichiers (FileLoaders) définis.
2025-06-07 12:01:13,697 - InformalDefinitions - INFO - Classe InformalAnalysisPlugin (V12 avec nouvelles fonctions) définie.
2025-06-07 12:01:13,697 - InformalDefinitions - INFO - Instructions Système INFORMAL_AGENT_INSTRUCTIONS (V15 avec nouvelles fonctions) définies.
2025-06-07 12:01:15,872 - argumentation_analysis - INFO - Package 'argumentation_analysis' chargé.
2025-06-07 12:01:15,875 - root - WARNING - Certaines classes/fonctions de 'agents.core.extract' n'ont pas pu être exposées: cannot import name 'BaseLogicAgent' from partially initialized module 'argumentation_analysis.agents.core.abc.agent_bases' (most likely due to a circular import) (D:\2025-Epita-Intelligence-Symbolique\argumentation_analysis\agents\core\abc\agent_bases.py)
2025-06-07 12:01:16,201 - App.ProjectCore.FileLoaders - INFO - Utilitaires de chargement de fichiers (FileLoaders) définis.
2025-06-07 12:01:16,203 - InformalDefinitions - INFO - Classe InformalAnalysisPlugin (V12 avec nouvelles fonctions) définie.
2025-06-07 12:01:16,203 - InformalDefinitions - INFO - Instructions Système INFORMAL_AGENT_INSTRUCTIONS (V15 avec nouvelles fonctions) définies.
2025-06-07 12:01:18,555 - argumentation_analysis - INFO - Package 'argumentation_analysis' chargé.
2025-06-07 12:01:18,560 - root - WARNING - Certaines classes/fonctions de 'agents.core.extract' n'ont pas pu être exposées: cannot import name 'BaseLogicAgent' from partially initialized module 'argumentation_analysis.agents.core.abc.agent_bases' (most likely due to a circular import) (D:\2025-Epita-Intelligence-Symbolique\argumentation_analysis\agents\core\abc\agent_bases.py)
2025-06-07 12:01:18,874 - App.ProjectCore.FileLoaders - INFO - Utilitaires de chargement de fichiers (FileLoaders) définis.
2025-06-07 12:01:18,876 - InformalDefinitions - INFO - Classe InformalAnalysisPlugin (V12 avec nouvelles fonctions) définie.
2025-06-07 12:01:18,876 - InformalDefinitions - INFO - Instructions Système INFORMAL_AGENT_INSTRUCTIONS (V15 avec nouvelles fonctions) définies.
2025-06-07 12:01:20,920 - argumentation_analysis - INFO - Package 'argumentation_analysis' chargé.
2025-06-07 12:01:20,924 - root - WARNING - Certaines classes/fonctions de 'agents.core.extract' n'ont pas pu être exposées: cannot import name 'BaseLogicAgent' from partially initialized module 'argumentation_analysis.agents.core.abc.agent_bases' (most likely due to a circular import) (D:\2025-Epita-Intelligence-Symbolique\argumentation_analysis\agents\core\abc\agent_bases.py)
2025-06-07 12:01:21,266 - App.ProjectCore.FileLoaders - INFO - Utilitaires de chargement de fichiers (FileLoaders) définis.
2025-06-07 12:01:21,269 - InformalDefinitions - INFO - Classe InformalAnalysisPlugin (V12 avec nouvelles fonctions) définie.
2025-06-07 12:01:21,270 - InformalDefinitions - INFO - Instructions Système INFORMAL_AGENT_INSTRUCTIONS (V15 avec nouvelles fonctions) définies.
2025-06-07 12:01:23,370 - argumentation_analysis - INFO - Package 'argumentation_analysis' chargé.
2025-06-07 12:01:23,374 - root - WARNING - Certaines classes/fonctions de 'agents.core.extract' n'ont pas pu être exposées: cannot import name 'BaseLogicAgent' from partially initialized module 'argumentation_analysis.agents.core.abc.agent_bases' (most likely due to a circular import) (D:\2025-Epita-Intelligence-Symbolique\argumentation_analysis\agents\core\abc\agent_bases.py)
2025-06-07 12:01:23,677 - App.ProjectCore.FileLoaders - INFO - Utilitaires de chargement de fichiers (FileLoaders) définis.
2025-06-07 12:01:23,679 - InformalDefinitions - INFO - Classe InformalAnalysisPlugin (V12 avec nouvelles fonctions) définie.
2025-06-07 12:01:23,679 - InformalDefinitions - INFO - Instructions Système INFORMAL_AGENT_INSTRUCTIONS (V15 avec nouvelles fonctions) définies.
2025-06-07 12:01:25,830 - argumentation_analysis - INFO - Package 'argumentation_analysis' chargé.
2025-06-07 12:01:25,834 - root - WARNING - Certaines classes/fonctions de 'agents.core.extract' n'ont pas pu être exposées: cannot import name 'BaseLogicAgent' from partially initialized module 'argumentation_analysis.agents.core.abc.agent_bases' (most likely due to a circular import) (D:\2025-Epita-Intelligence-Symbolique\argumentation_analysis\agents\core\abc\agent_bases.py)
2025-06-07 12:01:26,133 - App.ProjectCore.FileLoaders - INFO - Utilitaires de chargement de fichiers (FileLoaders) définis.
2025-06-07 12:01:26,134 - InformalDefinitions - INFO - Classe InformalAnalysisPlugin (V12 avec nouvelles fonctions) définie.
2025-06-07 12:01:26,134 - InformalDefinitions - INFO - Instructions Système INFORMAL_AGENT_INSTRUCTIONS (V15 avec nouvelles fonctions) définies.
2025-06-07 12:01:28,213 - argumentation_analysis - INFO - Package 'argumentation_analysis' chargé.
2025-06-07 12:01:28,217 - root - WARNING - Certaines classes/fonctions de 'agents.core.extract' n'ont pas pu être exposées: cannot import name 'BaseLogicAgent' from partially initialized module 'argumentation_analysis.agents.core.abc.agent_bases' (most likely due to a circular import) (D:\2025-Epita-Intelligence-Symbolique\argumentation_analysis\agents\core\abc\agent_bases.py)
2025-06-07 12:01:28,517 - App.ProjectCore.FileLoaders - INFO - Utilitaires de chargement de fichiers (FileLoaders) définis.
2025-06-07 12:01:28,518 - InformalDefinitions - INFO - Classe InformalAnalysisPlugin (V12 avec nouvelles fonctions) définie.
2025-06-07 12:01:28,518 - InformalDefinitions - INFO - Instructions Système INFORMAL_AGENT_INSTRUCTIONS (V15 avec nouvelles fonctions) définies.
2025-06-07 12:01:30,720 - argumentation_analysis - INFO - Package 'argumentation_analysis' chargé.
2025-06-07 12:01:30,724 - root - WARNING - Certaines classes/fonctions de 'agents.core.extract' n'ont pas pu être exposées: cannot import name 'BaseLogicAgent' from partially initialized module 'argumentation_analysis.agents.core.abc.agent_bases' (most likely due to a circular import) (D:\2025-Epita-Intelligence-Symbolique\argumentation_analysis\agents\core\abc\agent_bases.py)
2025-06-07 12:01:31,072 - App.ProjectCore.FileLoaders - INFO - Utilitaires de chargement de fichiers (FileLoaders) définis.
2025-06-07 12:01:31,074 - InformalDefinitions - INFO - Classe InformalAnalysisPlugin (V12 avec nouvelles fonctions) définie.
2025-06-07 12:01:31,074 - InformalDefinitions - INFO - Instructions Système INFORMAL_AGENT_INSTRUCTIONS (V15 avec nouvelles fonctions) définies.
